<?xml version="1.0" encoding="UTF-8"?>
<!-- Generated by org.testng.reporters.JUnitReportReporter -->
<testsuite hostname="Aishy" failures="0" tests="1" name="tests.Loginmult" time="113.659" errors="0" timestamp="2022-09-20T16:15:18 BDT" skipped="0">
  <testcase classname="tests.Loginmult" name="Login" time="113.659"/>
  <system-out/>
</testsuite> <!-- tests.Loginmult -->
