<?xml version="1.0" encoding="UTF-8"?>
<!-- Generated by org.testng.reporters.JUnitReportReporter -->
<testsuite hostname="Aishy" failures="0" tests="1" name="tests.AccountCreate" time="13.207" errors="0" timestamp="2022-09-18T18:52:36 BDT" skipped="0">
  <testcase classname="tests.AccountCreate" name="createAnAccount" time="13.207"/>
  <system-out/>
</testsuite> <!-- tests.AccountCreate -->
